<?xml version="1.0" encoding="UTF-8"?>
<!-- Generated by org.testng.reporters.JUnitReportReporter -->
<testsuite hostname="LIN-5CG122687M" failures="0" tests="2" name="cucumber.TestNGRunner" time="88.076" errors="0" timestamp="2024-08-08T12:57:45 IST" skipped="0">
  <testcase classname="cucumber.TestNGRunner" name="runScenario" time="73.292"/>
  <testcase classname="cucumber.TestNGRunner" name="runScenario" time="14.784"/>
</testsuite> <!-- cucumber.TestNGRunner -->
